<?xml version="1.0" encoding="UTF-8"?>
<testsuite xmlns:xsi="http://www.w3.org/2001/XMLSchema-instance" xsi:noNamespaceSchemaLocation="https://maven.apache.org/surefire/maven-surefire-plugin/xsd/surefire-test-report.xsd" name="it.unipd.mtss.AppTest" time="0.197" tests="3" errors="0" skipped="0" failures="0">
  <properties>
[...]
</properties>
  <testcase name="simpleUsage" classname="it.unipd.mtss.AppTest" time="0.086"/>
  <testcase name="existenceTest" classname="it.unipd.mtss.AppTest" time="0.005"/>
  <testcase name="conformanceTest" classname="it.unipd.mtss.AppTest" time="0.011"/>
</testsuite>